<?xml version="1.0" encoding="UTF-8"?>
<testng-results ignored="6" total="13" passed="7" failed="0" skipped="0">
  <reporter-output>
  </reporter-output>
  <suite started-at="2023-04-03T17:32:38 IST" name="Suite" finished-at="2023-04-03T17:32:44 IST" duration-ms="5647">
    <groups>
    </groups>
    <test started-at="2023-04-03T17:32:38 IST" name="functional" finished-at="2023-04-03T17:32:44 IST" duration-ms="5647">
      <class name="testcases.YourCartTestCases">
        <test-method signature="YourCart()[pri:0, instance:testcases.YourCartTestCases@3a44431a]" started-at="2023-04-03T17:32:42 IST" name="YourCart" finished-at="2023-04-03T17:32:43 IST" duration-ms="498" status="PASS">
          <reporter-output>
          </reporter-output>
        </test-method> <!-- YourCart -->
      </class> <!-- testcases.YourCartTestCases -->
      <class name="testcases.LoginTestCases">
        <test-method is-config="true" signature="setup()[pri:0, instance:testcases.LoginTestCases@5a56cdac]" started-at="2023-04-03T17:32:38 IST" name="setup" finished-at="2023-04-03T17:32:40 IST" duration-ms="1238" status="PASS">
          <reporter-output>
          </reporter-output>
        </test-method> <!-- setup -->
        <test-method signature="verifyUser(java.lang.String,java.lang.String)[pri:0, instance:testcases.LoginTestCases@5a56cdac]" started-at="2023-04-03T17:32:40 IST" name="verifyUser" data-provider="readData" finished-at="2023-04-03T17:32:41 IST" duration-ms="952" status="PASS">
          <params>
            <param index="0">
              <value>
                <![CDATA[standard_user]]>
              </value>
            </param>
            <param index="1">
              <value>
                <![CDATA[secret_sauce]]>
              </value>
            </param>
          </params>
          <reporter-output>
          </reporter-output>
        </test-method> <!-- verifyUser -->
        <test-method signature="verifyUser(java.lang.String,java.lang.String)[pri:0, instance:testcases.LoginTestCases@5a56cdac]" started-at="2023-04-03T17:32:41 IST" name="verifyUser" data-provider="readData" finished-at="2023-04-03T17:32:41 IST" duration-ms="233" status="PASS">
          <params>
            <param index="0">
              <value>
                <![CDATA[standard_user]]>
              </value>
            </param>
            <param index="1">
              <value>
                <![CDATA[secret]]>
              </value>
            </param>
          </params>
          <reporter-output>
          </reporter-output>
        </test-method> <!-- verifyUser -->
        <test-method signature="verifyUser(java.lang.String,java.lang.String)[pri:0, instance:testcases.LoginTestCases@5a56cdac]" started-at="2023-04-03T17:32:41 IST" name="verifyUser" data-provider="readData" finished-at="2023-04-03T17:32:42 IST" duration-ms="220" status="PASS">
          <params>
            <param index="0">
              <value>
                <![CDATA[standard]]>
              </value>
            </param>
            <param index="1">
              <value>
                <![CDATA[secret_sauce]]>
              </value>
            </param>
          </params>
          <reporter-output>
          </reporter-output>
        </test-method> <!-- verifyUser -->
        <test-method signature="verifyUser(java.lang.String,java.lang.String)[pri:0, instance:testcases.LoginTestCases@5a56cdac]" started-at="2023-04-03T17:32:42 IST" name="verifyUser" data-provider="readData" finished-at="2023-04-03T17:32:42 IST" duration-ms="201" status="PASS">
          <params>
            <param index="0">
              <value>
                <![CDATA[standard]]>
              </value>
            </param>
            <param index="1">
              <value>
                <![CDATA[secret]]>
              </value>
            </param>
          </params>
          <reporter-output>
          </reporter-output>
        </test-method> <!-- verifyUser -->
        <test-method is-config="true" signature="tear()[pri:0, instance:testcases.LoginTestCases@5a56cdac]" started-at="2023-04-03T17:32:44 IST" name="tear" finished-at="2023-04-03T17:32:44 IST" duration-ms="136" status="PASS">
          <reporter-output>
          </reporter-output>
        </test-method> <!-- tear -->
      </class> <!-- testcases.LoginTestCases -->
      <class name="testcases.AddressAndContinueTestCases">
        <test-method signature="AddressAndContinue()[pri:0, instance:testcases.AddressAndContinueTestCases@3c7f66c4]" started-at="2023-04-03T17:32:43 IST" name="AddressAndContinue" finished-at="2023-04-03T17:32:44 IST" duration-ms="884" status="PASS">
          <reporter-output>
          </reporter-output>
        </test-method> <!-- AddressAndContinue -->
      </class> <!-- testcases.AddressAndContinueTestCases -->
      <class name="testcases.SelectProductTestCase">
        <test-method signature="SelectProduct()[pri:0, instance:testcases.SelectProductTestCase@2ea41516]" started-at="2023-04-03T17:32:42 IST" name="SelectProduct" finished-at="2023-04-03T17:32:42 IST" duration-ms="436" status="PASS">
          <reporter-output>
          </reporter-output>
        </test-method> <!-- SelectProduct -->
      </class> <!-- testcases.SelectProductTestCase -->
    </test> <!-- functional -->
  </suite> <!-- Suite -->
</testng-results>
