<?xml version="1.0" encoding="UTF-8"?>
<!-- Generated by org.testng.reporters.JUnitXMLReporter -->
<testsuite ignored="6" hostname="RANI" failures="0" tests="7" name="functional" time="5.647" errors="0" timestamp="2023-04-03T17:32:44 IST">
  <testcase classname="testcases.LoginTestCases" name="verifyUser" time="0.952"/>
  <testcase classname="testcases.LoginTestCases" name="verifyUser" time="0.233"/>
  <testcase classname="testcases.LoginTestCases" name="verifyUser" time="0.22"/>
  <testcase classname="testcases.LoginTestCases" name="verifyUser" time="0.201"/>
  <testcase classname="testcases.SelectProductTestCase" name="SelectProduct" time="0.436"/>
  <testcase classname="testcases.YourCartTestCases" name="YourCart" time="0.498"/>
  <testcase classname="testcases.AddressAndContinueTestCases" name="AddressAndContinue" time="0.884"/>
  <testcase classname="utility.BaseClass" name="@AfterTest tear" time="0.0">
    <ignored/>
  </testcase> <!-- @AfterTest tear -->
  <testcase classname="utility.BaseClass" name="@AfterTest tear" time="0.0">
    <ignored/>
  </testcase> <!-- @AfterTest tear -->
  <testcase classname="utility.BaseClass" name="@AfterTest tear" time="0.0">
    <ignored/>
  </testcase> <!-- @AfterTest tear -->
  <testcase classname="utility.BaseClass" name="@BeforeTest setup" time="0.0">
    <ignored/>
  </testcase> <!-- @BeforeTest setup -->
  <testcase classname="utility.BaseClass" name="@BeforeTest setup" time="0.0">
    <ignored/>
  </testcase> <!-- @BeforeTest setup -->
  <testcase classname="utility.BaseClass" name="@BeforeTest setup" time="0.0">
    <ignored/>
  </testcase> <!-- @BeforeTest setup -->
</testsuite> <!-- functional -->
